<?xml version="1.0" encoding="UTF-8"?>
<!-- Generated by org.testng.reporters.JUnitXMLReporter -->
<testsuite hostname="WINDOWS-GIJ8QCI" ignored="4" name="MyHyBridFW" tests="2" failures="2" timestamp="2020-05-04T02:04:13 ICT" time="13.052" errors="0">
  <testcase name="loginAsBankManager" time="12.348" classname="com.testcases.LoginTest">
    <failure type="java.lang.AssertionError" message="expected [abc] but found [XYZ Bank]">
        <![CDATA[java.lang.AssertionError: expected [abc] but found [XYZ Bank]
at com.testcases.LoginTest.loginAsBankManager(LoginTest.java:35)
at java.util.ArrayList.forEach(ArrayList.java:1257)
at com.intellij.rt.testng.IDEARemoteTestNG.run(IDEARemoteTestNG.java:66)
at com.intellij.rt.testng.RemoteTestNGStarter.main(RemoteTestNGStarter.java:110)
... Removed 29 stack frames]]>
    </failure>
  </testcase> <!-- loginAsBankManager -->
  <testcase name="mobileLoginCarLoan" time="0.001" classname="testsuites.DemoClass1">
    <failure type="java.lang.AssertionError" message="expected [true] but found [false]">
      <![CDATA[java.lang.AssertionError: expected [true] but found [false]
at testsuites.DemoClass1.mobileLoginCarLoan(DemoClass1.java:29)
at java.util.ArrayList.forEach(ArrayList.java:1257)
at com.intellij.rt.testng.IDEARemoteTestNG.run(IDEARemoteTestNG.java:66)
at com.intellij.rt.testng.RemoteTestNGStarter.main(RemoteTestNGStarter.java:110)
... Removed 28 stack frames]]>
    </failure>
  </testcase> <!-- mobileLoginCarLoan -->
  <testcase name="demo1" time="0.0" classname="testsuites.DemoClass1">
    <ignored/>
  </testcase> <!-- demo1 -->
  <testcase name="bpiLoginCarLoan" time="0.0" classname="testsuites.DemoClass1">
    <ignored/>
  </testcase> <!-- bpiLoginCarLoan -->
  <testcase name="webLoginCarLoan" time="0.0" classname="testsuites.DemoClass1">
    <ignored/>
  </testcase> <!-- webLoginCarLoan -->
  <testcase name="apiLoginCarLoan" time="0.0" classname="testsuites.DemoClass1">
    <ignored/>
  </testcase> <!-- apiLoginCarLoan -->
</testsuite> <!-- MyHyBridFW -->
