<?xml version="1.0" encoding="UTF-8"?>
<!-- Generated by org.testng.reporters.JUnitXMLReporter -->
<testsuite hostname="WINDOWS-GIJ8QCI" ignored="4" name="Login Test" tests="2" failures="0" timestamp="2020-05-01T23:39:11 ICT" time="0.037" errors="0">
  <testcase name="Demo" time="0.005" classname="demo.DemoClass"/>
  <testcase name="webLoginCarLoan" time="0.005" classname="testsuites.DemoClass1"/>
  <testcase name="mobileLoginCarLoan" time="0.0" classname="testsuites.DemoClass1">
    <ignored/>
  </testcase> <!-- mobileLoginCarLoan -->
  <testcase name="demo1" time="0.0" classname="testsuites.DemoClass1">
    <ignored/>
  </testcase> <!-- demo1 -->
  <testcase name="loginAsBankManager" time="0.0" classname="testcases.LoginTest">
    <ignored/>
  </testcase> <!-- loginAsBankManager -->
  <testcase name="apiLoginCarLoan" time="0.0" classname="testsuites.DemoClass1">
    <ignored/>
  </testcase> <!-- apiLoginCarLoan -->
</testsuite> <!-- Login Test -->
