<?xml version="1.0" encoding="UTF-8"?>
<!-- Generated by org.testng.reporters.JUnitXMLReporter -->
<testsuite hostname="WINDOWS-GIJ8QCI" ignored="1" name=" Parallel Test 2" tests="4" failures="0" timestamp="2020-05-05T21:27:10 ICT" time="0.007" errors="0">
  <testcase name="bpiLoginApp" time="0.003" classname="testsuites.DemoClass1"/>
  <testcase name="demo1" time="0.0" classname="testsuites.DemoClass1"/>
  <testcase name="mobileLoginApp" time="0.0" classname="testsuites.DemoClass1"/>
  <testcase name="webLoginApp" time="0.0" classname="testsuites.DemoClass1"/>
  <testcase name="apiLoginApp" time="0.0" classname="testsuites.DemoClass1">
    <ignored/>
  </testcase> <!-- apiLoginApp -->
</testsuite> <!--  Parallel Test 2 -->
