<?xml version="1.0" encoding="UTF-8"?>
<!-- Generated by org.testng.reporters.JUnitXMLReporter -->
<testsuite hostname="WINDOWS-GIJ8QCI" ignored="2" name="Login Test" tests="2" failures="0" timestamp="2020-05-03T22:21:01 ICT" time="0.055" errors="0">
  <testcase name="Demo" time="0.008" classname="demo.DemoClass"/>
  <testcase name="demo1" time="0.014" classname="testsuites.DemoClass1"/>
  <testcase name="bpiLoginCarLoan" time="0.0" classname="testsuites.DemoClass1">
    <ignored/>
  </testcase> <!-- bpiLoginCarLoan -->
  <testcase name="apiLoginCarLoan" time="0.0" classname="testsuites.DemoClass1">
    <ignored/>
  </testcase> <!-- apiLoginCarLoan -->
</testsuite> <!-- Login Test -->
